Nov 20 09:35:21 Installed: libreport-filesystem-2.1.11-40.el7.centos.x86_64
Nov 20 09:35:21 Installed: mailx-12.5-19.el7.x86_64
Nov 20 09:35:21 Installed: 1:smartmontools-6.5-1.el7.x86_64
Nov 20 09:35:21 Installed: mdadm-4.0-13.el7.x86_64
Nov 20 09:35:21 Installed: hdparm-9.43-5.el7.x86_64
Nov 20 09:35:21 Installed: gdisk-0.8.6-5.el7.x86_64
Nov 20 10:31:34 Installed: mpfr-3.1.1-4.el7.x86_64
Nov 20 10:31:34 Installed: libmpc-1.0.1-3.el7.x86_64
Nov 20 10:31:34 Installed: cpp-4.8.5-28.el7_5.1.x86_64
Nov 20 10:31:35 Installed: kernel-headers-3.10.0-862.14.4.el7.x86_64
Nov 20 10:31:36 Installed: glibc-headers-2.17-222.el7.x86_64
Nov 20 10:31:36 Installed: glibc-devel-2.17-222.el7.x86_64
Nov 20 10:31:37 Installed: gcc-4.8.5-28.el7_5.1.x86_64
Nov 20 10:36:48 Installed: keyutils-libs-devel-1.5.8-3.el7.x86_64
Nov 20 10:36:48 Installed: libcom_err-devel-1.42.9-12.el7_5.x86_64
Nov 20 10:36:48 Installed: libkadm5-1.15.1-19.el7.x86_64
Nov 20 10:36:48 Installed: libsepol-devel-2.5-8.1.el7.x86_64
Nov 20 10:36:48 Installed: pcre-devel-8.32-17.el7.x86_64
Nov 20 10:36:48 Installed: libselinux-devel-2.5-12.el7.x86_64
Nov 20 10:36:48 Installed: libverto-devel-0.2.5-4.el7.x86_64
Nov 20 10:36:48 Installed: krb5-devel-1.15.1-19.el7.x86_64
Nov 20 10:36:48 Installed: zlib-devel-1.2.7-17.el7.x86_64
Nov 20 10:36:49 Installed: 1:openssl-devel-1.0.2k-12.el7.x86_64
Nov 20 10:36:50 Installed: bc-1.06.95-13.el7.x86_64
Nov 20 10:36:50 Installed: ncurses-devel-5.9-14.20130511.el7_4.x86_64
Nov 20 10:37:07 Installed: elfutils-libelf-devel-0.170-4.el7.x86_64
Nov 20 10:37:25 Installed: 1:perl-parent-0.225-244.el7.noarch
Nov 20 10:37:25 Installed: perl-HTTP-Tiny-0.033-3.el7.noarch
Nov 20 10:37:25 Installed: perl-podlators-2.5.1-3.el7.noarch
Nov 20 10:37:25 Installed: perl-Pod-Perldoc-3.20-4.el7.noarch
Nov 20 10:37:25 Installed: 1:perl-Pod-Escapes-1.04-292.el7.noarch
Nov 20 10:37:25 Installed: perl-Text-ParseWords-3.29-4.el7.noarch
Nov 20 10:37:25 Installed: perl-Encode-2.51-7.el7.x86_64
Nov 20 10:37:25 Installed: perl-Pod-Usage-1.63-3.el7.noarch
Nov 20 10:37:25 Installed: 4:perl-macros-5.16.3-292.el7.x86_64
Nov 20 10:37:25 Installed: 4:perl-libs-5.16.3-292.el7.x86_64
Nov 20 10:37:25 Installed: perl-Storable-2.45-3.el7.x86_64
Nov 20 10:37:25 Installed: perl-Exporter-5.68-3.el7.noarch
Nov 20 10:37:25 Installed: perl-constant-1.27-2.el7.noarch
Nov 20 10:37:26 Installed: perl-Time-Local-1.2300-2.el7.noarch
Nov 20 10:37:26 Installed: perl-Socket-2.010-4.el7.x86_64
Nov 20 10:37:26 Installed: perl-Carp-1.26-244.el7.noarch
Nov 20 10:37:26 Installed: 4:perl-Time-HiRes-1.9725-3.el7.x86_64
Nov 20 10:37:26 Installed: perl-PathTools-3.40-5.el7.x86_64
Nov 20 10:37:26 Installed: perl-Scalar-List-Utils-1.27-248.el7.x86_64
Nov 20 10:37:26 Installed: perl-File-Temp-0.23.01-3.el7.noarch
Nov 20 10:37:26 Installed: perl-File-Path-2.09-2.el7.noarch
Nov 20 10:37:26 Installed: perl-threads-shared-1.43-6.el7.x86_64
Nov 20 10:37:26 Installed: perl-threads-1.87-4.el7.x86_64
Nov 20 10:37:26 Installed: perl-Filter-1.49-3.el7.x86_64
Nov 20 10:37:26 Installed: 1:perl-Pod-Simple-3.28-4.el7.noarch
Nov 20 10:37:26 Installed: perl-Getopt-Long-2.40-3.el7.noarch
Nov 20 10:37:29 Installed: 4:perl-5.16.3-292.el7.x86_64
Nov 20 10:37:29 Installed: perl-Thread-Queue-3.02-2.el7.noarch
Nov 20 10:37:29 Installed: unzip-6.0-19.el7.x86_64
Nov 20 10:37:29 Installed: gdb-7.6.1-110.el7.x86_64
Nov 20 10:37:29 Installed: patch-2.7.1-10.el7_5.x86_64
Nov 20 10:37:29 Installed: perl-srpm-macros-1-8.el7.noarch
Nov 20 10:37:29 Installed: elfutils-0.170-4.el7.x86_64
Nov 20 10:37:29 Installed: dwz-0.11-3.el7.x86_64
Nov 20 10:37:29 Installed: zip-3.0-11.el7.x86_64
Nov 20 10:37:29 Installed: redhat-rpm-config-9.1.0-80.el7.centos.noarch
Nov 20 10:37:30 Installed: rpm-build-4.11.3-32.el7.x86_64
Nov 20 10:38:27 Installed: m4-1.4.16-10.el7.x86_64
Nov 20 10:38:27 Installed: bison-3.0.4-1.el7.x86_64
Nov 20 10:38:44 Installed: flex-2.5.37-3.el7.x86_64
